<?xml version="1.0" encoding="UTF-8"?>
<testng-results ignored="0" total="2" passed="2" failed="0" skipped="0">
  <reporter-output>
  </reporter-output>
  <suite started-at="2022-10-17T16:21:25 IST" name="Default suite" finished-at="2022-10-17T16:22:19 IST" duration-ms="53565">
    <groups>
      <group name="Chrome">
        <method signature="website.LaunchChrome()[pri:0, instance:com.ecommerce.website@53976f5c]" name="LaunchChrome" class="com.ecommerce.website"/>
        <method signature="website.f()[pri:0, instance:com.ecommerce.website@53976f5c]" name="f" class="com.ecommerce.website"/>
      </group> <!-- Chrome -->
    </groups>
    <test started-at="2022-10-17T16:21:25 IST" name="Default test" finished-at="2022-10-17T16:22:19 IST" duration-ms="53565">
      <class name="com.ecommerce.website">
        <test-method signature="LaunchChrome()[pri:0, instance:com.ecommerce.website@53976f5c]" started-at="2022-10-17T16:21:25 IST" name="LaunchChrome" finished-at="2022-10-17T16:21:28 IST" duration-ms="2024" status="PASS">
          <reporter-output>
          </reporter-output>
        </test-method> <!-- LaunchChrome -->
        <test-method signature="f()[pri:0, instance:com.ecommerce.website@53976f5c]" started-at="2022-10-17T16:21:28 IST" name="f" finished-at="2022-10-17T16:22:19 IST" depends-on-methods="com.ecommerce.website.LaunchChrome" duration-ms="51478" status="PASS">
          <reporter-output>
          </reporter-output>
        </test-method> <!-- f -->
      </class> <!-- com.ecommerce.website -->
    </test> <!-- Default test -->
  </suite> <!-- Default suite -->
</testng-results>
